2026-02-06 12:36:18,889 - INFO - Resume mode enabled
2026-02-06 12:36:18,890 - INFO - Scraping Bible translations for language: es
2026-02-06 12:36:18,890 - INFO - Starting scrape of 66 books, ~31102 verses
2026-02-06 12:36:18,890 - INFO - === Starting book: Genesis (50 chapters) ===
2026-02-06 12:36:18,890 - INFO -   -> Chapter 1 (31 verses)
2026-02-06 12:36:18,890 - INFO - Scraping: Genesis 1:1
2026-02-06 12:36:19,354 - INFO - Saved HTML to cache: html_cache/Genesis/1-1.htm
2026-02-06 12:36:19,370 - INFO - Successfully scraped 69 translations for Genesis 1:1
2026-02-06 12:36:19,501 - INFO - Scraping: Genesis 1:2
2026-02-06 12:36:19,627 - INFO - Saved HTML to cache: html_cache/Genesis/1-2.htm
2026-02-06 12:36:19,657 - INFO - Successfully scraped 69 translations for Genesis 1:2
2026-02-06 12:36:19,785 - INFO - Scraping: Genesis 1:3
2026-02-06 12:36:19,859 - INFO - Saved HTML to cache: html_cache/Genesis/1-3.htm
2026-02-06 12:36:19,878 - INFO - Successfully scraped 69 translations for Genesis 1:3
2026-02-06 12:36:20,007 - INFO - Scraping: Genesis 1:4
2026-02-06 12:36:20,387 - INFO - Saved HTML to cache: html_cache/Genesis/1-4.htm
2026-02-06 12:36:20,406 - INFO - Successfully scraped 69 translations for Genesis 1:4
2026-02-06 12:36:20,533 - INFO - Scraping: Genesis 1:5
2026-02-06 12:36:20,612 - INFO - Saved HTML to cache: html_cache/Genesis/1-5.htm
2026-02-06 12:36:20,629 - INFO - Successfully scraped 69 translations for Genesis 1:5
2026-02-06 12:36:20,757 - INFO - Scraping: Genesis 1:6
2026-02-06 12:36:20,881 - INFO - Saved HTML to cache: html_cache/Genesis/1-6.htm
2026-02-06 12:36:20,898 - INFO - Successfully scraped 69 translations for Genesis 1:6
2026-02-06 12:36:21,029 - INFO - Scraping: Genesis 1:7
2026-02-06 12:36:21,104 - INFO - Saved HTML to cache: html_cache/Genesis/1-7.htm
2026-02-06 12:36:21,121 - INFO - Successfully scraped 69 translations for Genesis 1:7
2026-02-06 12:36:21,249 - INFO - Scraping: Genesis 1:8
2026-02-06 12:36:21,418 - INFO - Saved HTML to cache: html_cache/Genesis/1-8.htm
2026-02-06 12:36:21,434 - INFO - Successfully scraped 69 translations for Genesis 1:8
2026-02-06 12:36:21,564 - INFO - Scraping: Genesis 1:9
2026-02-06 12:36:21,645 - INFO - Saved HTML to cache: html_cache/Genesis/1-9.htm
2026-02-06 12:36:21,673 - INFO - Successfully scraped 69 translations for Genesis 1:9
2026-02-06 12:36:21,803 - INFO - Scraping: Genesis 1:10
2026-02-06 12:36:21,948 - INFO - Saved HTML to cache: html_cache/Genesis/1-10.htm
2026-02-06 12:36:22,038 - INFO - Successfully scraped 69 translations for Genesis 1:10
2026-02-06 12:36:22,164 - INFO - Scraping: Genesis 1:11
2026-02-06 12:36:23,155 - INFO - Saved HTML to cache: html_cache/Genesis/1-11.htm
2026-02-06 12:36:23,174 - INFO - Successfully scraped 69 translations for Genesis 1:11
2026-02-06 12:36:23,304 - INFO - Scraping: Genesis 1:12
2026-02-06 12:36:23,515 - INFO - Saved HTML to cache: html_cache/Genesis/1-12.htm
2026-02-06 12:36:23,531 - INFO - Successfully scraped 69 translations for Genesis 1:12
2026-02-06 12:36:23,659 - INFO - Scraping: Genesis 1:13
2026-02-06 12:36:23,807 - INFO - Saved HTML to cache: html_cache/Genesis/1-13.htm
2026-02-06 12:36:23,843 - INFO - Successfully scraped 69 translations for Genesis 1:13
2026-02-06 12:36:23,973 - INFO - Scraping: Genesis 1:14
2026-02-06 12:36:24,091 - INFO - Saved HTML to cache: html_cache/Genesis/1-14.htm
2026-02-06 12:36:24,125 - INFO - Successfully scraped 69 translations for Genesis 1:14
2026-02-06 12:36:24,256 - INFO - Scraping: Genesis 1:15
2026-02-06 12:36:24,508 - INFO - Saved HTML to cache: html_cache/Genesis/1-15.htm
2026-02-06 12:36:24,541 - INFO - Successfully scraped 68 translations for Genesis 1:15
2026-02-06 12:36:24,672 - INFO - Scraping: Genesis 1:16
2026-02-06 12:36:24,743 - INFO - Saved HTML to cache: html_cache/Genesis/1-16.htm
2026-02-06 12:36:24,774 - INFO - Successfully scraped 69 translations for Genesis 1:16
2026-02-06 12:36:24,904 - INFO - Scraping: Genesis 1:17
2026-02-06 12:36:25,063 - INFO - Saved HTML to cache: html_cache/Genesis/1-17.htm
2026-02-06 12:36:25,094 - INFO - Successfully scraped 69 translations for Genesis 1:17
2026-02-06 12:36:25,220 - INFO - Scraping: Genesis 1:18
2026-02-06 12:36:25,401 - INFO - Saved HTML to cache: html_cache/Genesis/1-18.htm
2026-02-06 12:36:25,436 - INFO - Successfully scraped 68 translations for Genesis 1:18
2026-02-06 12:36:25,566 - INFO - Scraping: Genesis 1:19
2026-02-06 12:36:25,616 - INFO - Saved HTML to cache: html_cache/Genesis/1-19.htm
2026-02-06 12:36:25,654 - INFO - Successfully scraped 69 translations for Genesis 1:19
2026-02-06 12:36:25,785 - INFO - Scraping: Genesis 1:20
2026-02-06 12:36:25,925 - INFO - Saved HTML to cache: html_cache/Genesis/1-20.htm
2026-02-06 12:36:26,052 - INFO - Successfully scraped 69 translations for Genesis 1:20
2026-02-06 12:36:26,178 - INFO - Scraping: Genesis 1:21
2026-02-06 12:36:26,221 - INFO - Saved HTML to cache: html_cache/Genesis/1-21.htm
2026-02-06 12:36:26,236 - INFO - Successfully scraped 69 translations for Genesis 1:21
2026-02-06 12:36:26,366 - INFO - Scraping: Genesis 1:22
2026-02-06 12:36:26,432 - INFO - Saved HTML to cache: html_cache/Genesis/1-22.htm
2026-02-06 12:36:26,466 - INFO - Successfully scraped 69 translations for Genesis 1:22
2026-02-06 12:36:26,597 - INFO - Scraping: Genesis 1:23
2026-02-06 12:36:26,642 - INFO - Saved HTML to cache: html_cache/Genesis/1-23.htm
2026-02-06 12:36:26,678 - INFO - Successfully scraped 69 translations for Genesis 1:23
2026-02-06 12:36:26,804 - INFO - Scraping: Genesis 1:24
2026-02-06 12:36:26,895 - INFO - Saved HTML to cache: html_cache/Genesis/1-24.htm
2026-02-06 12:36:26,934 - INFO - Successfully scraped 69 translations for Genesis 1:24
2026-02-06 12:36:27,064 - INFO - Scraping: Genesis 1:25
2026-02-06 12:36:27,160 - INFO - Saved HTML to cache: html_cache/Genesis/1-25.htm
2026-02-06 12:36:27,198 - INFO - Successfully scraped 69 translations for Genesis 1:25
2026-02-06 12:36:27,328 - INFO - Scraping: Genesis 1:26
2026-02-06 12:36:27,438 - INFO - Saved HTML to cache: html_cache/Genesis/1-26.htm
2026-02-06 12:36:27,475 - INFO - Successfully scraped 69 translations for Genesis 1:26
2026-02-06 12:36:27,604 - INFO - Scraping: Genesis 1:27
2026-02-06 12:36:27,688 - INFO - Saved HTML to cache: html_cache/Genesis/1-27.htm
2026-02-06 12:36:27,721 - INFO - Successfully scraped 69 translations for Genesis 1:27
2026-02-06 12:36:27,851 - INFO - Scraping: Genesis 1:28
2026-02-06 12:36:27,926 - INFO - Saved HTML to cache: html_cache/Genesis/1-28.htm
2026-02-06 12:36:27,957 - INFO - Successfully scraped 69 translations for Genesis 1:28
2026-02-06 12:36:28,088 - INFO - Scraping: Genesis 1:29
2026-02-06 12:36:28,230 - INFO - Saved HTML to cache: html_cache/Genesis/1-29.htm
2026-02-06 12:36:28,260 - INFO - Successfully scraped 69 translations for Genesis 1:29
2026-02-06 12:36:28,387 - INFO - Scraping: Genesis 1:30
2026-02-06 12:36:28,523 - INFO - Saved HTML to cache: html_cache/Genesis/1-30.htm
2026-02-06 12:36:28,734 - INFO - Successfully scraped 69 translations for Genesis 1:30
2026-02-06 12:36:28,864 - INFO - Scraping: Genesis 1:31
2026-02-06 12:36:28,992 - INFO - Saved HTML to cache: html_cache/Genesis/1-31.htm
2026-02-06 12:36:29,026 - INFO - Successfully scraped 69 translations for Genesis 1:31
2026-02-06 12:36:29,151 - INFO -   -> Chapter 2 (25 verses)
2026-02-06 12:36:29,152 - INFO - Scraping: Genesis 2:1
2026-02-06 12:36:29,272 - INFO - Saved HTML to cache: html_cache/Genesis/2-1.htm
2026-02-06 12:36:29,303 - INFO - Successfully scraped 69 translations for Genesis 2:1
2026-02-06 12:36:29,431 - INFO - Scraping: Genesis 2:2
2026-02-06 12:36:30,207 - INFO - Saved HTML to cache: html_cache/Genesis/2-2.htm
2026-02-06 12:36:30,259 - INFO - Successfully scraped 69 translations for Genesis 2:2
2026-02-06 12:36:30,390 - INFO - Scraping: Genesis 2:3
2026-02-06 12:36:30,699 - INFO - Saved HTML to cache: html_cache/Genesis/2-3.htm
2026-02-06 12:36:30,731 - INFO - Successfully scraped 69 translations for Genesis 2:3
2026-02-06 12:36:30,861 - INFO - Scraping: Genesis 2:4
2026-02-06 12:36:30,994 - INFO - Saved HTML to cache: html_cache/Genesis/2-4.htm
2026-02-06 12:36:31,042 - INFO - Successfully scraped 69 translations for Genesis 2:4
2026-02-06 12:36:31,173 - INFO - Scraping: Genesis 2:5
2026-02-06 12:36:31,357 - INFO - Saved HTML to cache: html_cache/Genesis/2-5.htm
2026-02-06 12:36:31,387 - INFO - Successfully scraped 69 translations for Genesis 2:5
2026-02-06 12:36:31,512 - INFO - Scraping: Genesis 2:6
2026-02-06 12:36:31,637 - INFO - Saved HTML to cache: html_cache/Genesis/2-6.htm
2026-02-06 12:36:31,668 - INFO - Successfully scraped 69 translations for Genesis 2:6
2026-02-06 12:36:31,798 - INFO - Scraping: Genesis 2:7
2026-02-06 12:36:31,890 - INFO - Saved HTML to cache: html_cache/Genesis/2-7.htm
2026-02-06 12:36:31,924 - INFO - Successfully scraped 69 translations for Genesis 2:7
2026-02-06 12:36:32,054 - INFO - Scraping: Genesis 2:8
2026-02-06 12:36:32,129 - INFO - Saved HTML to cache: html_cache/Genesis/2-8.htm
2026-02-06 12:36:32,162 - INFO - Successfully scraped 69 translations for Genesis 2:8
2026-02-06 12:36:32,288 - INFO - Scraping: Genesis 2:9
2026-02-06 12:36:32,411 - INFO - Saved HTML to cache: html_cache/Genesis/2-9.htm
2026-02-06 12:36:32,660 - INFO - Successfully scraped 69 translations for Genesis 2:9
2026-02-06 12:36:32,786 - INFO - Scraping: Genesis 2:10
2026-02-06 12:36:32,946 - INFO - Saved HTML to cache: html_cache/Genesis/2-10.htm
2026-02-06 12:36:32,978 - INFO - Successfully scraped 69 translations for Genesis 2:10
2026-02-06 12:36:33,103 - INFO - Scraping: Genesis 2:11
2026-02-06 12:36:33,150 - INFO - Saved HTML to cache: html_cache/Genesis/2-11.htm
2026-02-06 12:36:33,183 - INFO - Successfully scraped 69 translations for Genesis 2:11
2026-02-06 12:36:33,310 - INFO - Scraping: Genesis 2:12
2026-02-06 12:36:33,453 - INFO - Saved HTML to cache: html_cache/Genesis/2-12.htm
2026-02-06 12:36:33,483 - INFO - Successfully scraped 69 translations for Genesis 2:12
2026-02-06 12:36:33,612 - INFO - Scraping: Genesis 2:13
2026-02-06 12:36:33,738 - INFO - Saved HTML to cache: html_cache/Genesis/2-13.htm
2026-02-06 12:36:33,766 - INFO - Successfully scraped 69 translations for Genesis 2:13
2026-02-06 12:36:33,894 - INFO - Scraping: Genesis 2:14
2026-02-06 12:36:33,998 - INFO - Saved HTML to cache: html_cache/Genesis/2-14.htm
2026-02-06 12:36:34,027 - INFO - Successfully scraped 69 translations for Genesis 2:14
2026-02-06 12:36:34,154 - INFO - Scraping: Genesis 2:15
2026-02-06 12:36:34,274 - INFO - Saved HTML to cache: html_cache/Genesis/2-15.htm
2026-02-06 12:36:34,309 - INFO - Successfully scraped 69 translations for Genesis 2:15
2026-02-06 12:36:34,440 - INFO - Scraping: Genesis 2:16
2026-02-06 12:36:34,506 - INFO - Saved HTML to cache: html_cache/Genesis/2-16.htm
2026-02-06 12:36:34,538 - INFO - Successfully scraped 69 translations for Genesis 2:16
2026-02-06 12:36:34,669 - INFO - Scraping: Genesis 2:17
2026-02-06 12:36:34,799 - INFO - Saved HTML to cache: html_cache/Genesis/2-17.htm
2026-02-06 12:36:34,834 - INFO - Successfully scraped 69 translations for Genesis 2:17
2026-02-06 12:36:34,962 - INFO - Scraping: Genesis 2:18
2026-02-06 12:36:35,040 - INFO - Saved HTML to cache: html_cache/Genesis/2-18.htm
2026-02-06 12:36:35,078 - INFO - Successfully scraped 69 translations for Genesis 2:18
2026-02-06 12:36:35,208 - INFO - Scraping: Genesis 2:19
2026-02-06 12:36:35,306 - INFO - Saved HTML to cache: html_cache/Genesis/2-19.htm
2026-02-06 12:36:35,594 - INFO - Successfully scraped 69 translations for Genesis 2:19
2026-02-06 12:36:35,721 - INFO - Scraping: Genesis 2:20
2026-02-06 12:36:35,839 - INFO - Saved HTML to cache: html_cache/Genesis/2-20.htm
2026-02-06 12:36:35,876 - INFO - Successfully scraped 69 translations for Genesis 2:20
2026-02-06 12:36:36,004 - INFO - Scraping: Genesis 2:21
2026-02-06 12:36:36,105 - INFO - Saved HTML to cache: html_cache/Genesis/2-21.htm
2026-02-06 12:36:36,141 - INFO - Successfully scraped 69 translations for Genesis 2:21
2026-02-06 12:36:36,266 - INFO - Scraping: Genesis 2:22
2026-02-06 12:36:36,406 - INFO - Saved HTML to cache: html_cache/Genesis/2-22.htm
2026-02-06 12:36:36,438 - INFO - Successfully scraped 69 translations for Genesis 2:22
2026-02-06 12:36:36,568 - INFO - Scraping: Genesis 2:23
2026-02-06 12:36:36,668 - INFO - Saved HTML to cache: html_cache/Genesis/2-23.htm
2026-02-06 12:36:36,698 - INFO - Successfully scraped 69 translations for Genesis 2:23
2026-02-06 12:36:36,823 - INFO - Scraping: Genesis 2:24
2026-02-06 12:36:36,917 - INFO - Saved HTML to cache: html_cache/Genesis/2-24.htm
2026-02-06 12:36:36,948 - INFO - Successfully scraped 69 translations for Genesis 2:24
2026-02-06 12:36:37,076 - INFO - Scraping: Genesis 2:25
2026-02-06 12:36:37,150 - INFO - Saved HTML to cache: html_cache/Genesis/2-25.htm
2026-02-06 12:36:37,184 - INFO - Successfully scraped 69 translations for Genesis 2:25
2026-02-06 12:36:37,310 - INFO -   -> Chapter 3 (24 verses)
2026-02-06 12:36:37,310 - INFO - Scraping: Genesis 3:1
2026-02-06 12:36:37,442 - INFO - Saved HTML to cache: html_cache/Genesis/3-1.htm
2026-02-06 12:36:37,473 - INFO - Successfully scraped 69 translations for Genesis 3:1
2026-02-06 12:36:37,603 - INFO - Scraping: Genesis 3:2
2026-02-06 12:36:37,771 - INFO - Saved HTML to cache: html_cache/Genesis/3-2.htm
2026-02-06 12:36:37,803 - INFO - Successfully scraped 69 translations for Genesis 3:2
2026-02-06 12:36:37,933 - INFO - Scraping: Genesis 3:3
2026-02-06 12:36:37,978 - INFO - Saved HTML to cache: html_cache/Genesis/3-3.htm
2026-02-06 12:36:38,010 - INFO - Successfully scraped 69 translations for Genesis 3:3
2026-02-06 12:36:38,135 - INFO - Scraping: Genesis 3:4
2026-02-06 12:36:38,194 - INFO - Saved HTML to cache: html_cache/Genesis/3-4.htm
2026-02-06 12:36:38,525 - INFO - Successfully scraped 69 translations for Genesis 3:4
2026-02-06 12:36:38,655 - INFO - Scraping: Genesis 3:5
2026-02-06 12:36:38,718 - INFO - Saved HTML to cache: html_cache/Genesis/3-5.htm
2026-02-06 12:36:38,741 - INFO - Successfully scraped 69 translations for Genesis 3:5
2026-02-06 12:36:38,871 - INFO - Scraping: Genesis 3:6
2026-02-06 12:36:38,939 - INFO - Saved HTML to cache: html_cache/Genesis/3-6.htm
2026-02-06 12:36:38,970 - INFO - Successfully scraped 69 translations for Genesis 3:6
2026-02-06 12:36:39,100 - INFO - Scraping: Genesis 3:7
2026-02-06 12:36:39,236 - INFO - Saved HTML to cache: html_cache/Genesis/3-7.htm
2026-02-06 12:36:39,266 - INFO - Successfully scraped 69 translations for Genesis 3:7
2026-02-06 12:36:39,396 - INFO - Scraping: Genesis 3:8
2026-02-06 12:36:39,443 - INFO - Saved HTML to cache: html_cache/Genesis/3-8.htm
2026-02-06 12:36:39,475 - INFO - Successfully scraped 69 translations for Genesis 3:8
2026-02-06 12:36:39,601 - INFO - Scraping: Genesis 3:9
2026-02-06 12:36:39,758 - INFO - Saved HTML to cache: html_cache/Genesis/3-9.htm
2026-02-06 12:36:39,794 - INFO - Successfully scraped 69 translations for Genesis 3:9
2026-02-06 12:36:39,934 - INFO - Scraping: Genesis 3:10
2026-02-06 12:36:40,005 - INFO - Saved HTML to cache: html_cache/Genesis/3-10.htm
2026-02-06 12:36:40,035 - INFO - Successfully scraped 69 translations for Genesis 3:10
2026-02-06 12:36:40,162 - INFO - Scraping: Genesis 3:11
2026-02-06 12:36:40,305 - INFO - Saved HTML to cache: html_cache/Genesis/3-11.htm
2026-02-06 12:36:40,339 - INFO - Successfully scraped 69 translations for Genesis 3:11
2026-02-06 12:36:40,469 - INFO - Scraping: Genesis 3:12
2026-02-06 12:36:40,546 - INFO - Saved HTML to cache: html_cache/Genesis/3-12.htm
2026-02-06 12:36:40,580 - INFO - Successfully scraped 69 translations for Genesis 3:12
2026-02-06 12:36:40,705 - INFO - Scraping: Genesis 3:13
2026-02-06 12:36:40,872 - INFO - Saved HTML to cache: html_cache/Genesis/3-13.htm
2026-02-06 12:36:40,903 - INFO - Successfully scraped 69 translations for Genesis 3:13
2026-02-06 12:36:41,033 - INFO - Scraping: Genesis 3:14
2026-02-06 12:36:41,527 - INFO - Saved HTML to cache: html_cache/Genesis/3-14.htm
2026-02-06 12:36:42,797 - INFO - Successfully scraped 69 translations for Genesis 3:14
2026-02-06 12:36:42,927 - INFO - Scraping: Genesis 3:15
2026-02-06 12:36:42,968 - INFO - 
Scraping interrupted by user
2026-02-06 12:36:42,968 - INFO - Progress saved. Run with --resume to continue
